# JRE version: 6.0_32-b32
# Java VM: OpenJDK 64-Bit Server VM (23.25-b01 mixed mode linux-amd64 compressed oops)
Heap
 PSYoungGen      total 330496K, used 64356K [0x00000000eaab0000, 0x0000000100000000, 0x0000000100000000)
  eden space 310080K, 20% used [0x00000000eaab0000,0x00000000ee9891f0,0x00000000fd980000)
  from space 20416K, 0% used [0x00000000fec10000,0x00000000fec10000,0x0000000100000000)
  to   space 19008K, 0% used [0x00000000fd980000,0x00000000fd980000,0x00000000fec10000)
 ParOldGen       total 349568K, used 97516K [0x00000000c0000000, 0x00000000d5560000, 0x00000000eaab0000)
  object space 349568K, 27% used [0x00000000c0000000,0x00000000c5f3b340,0x00000000d5560000)
 PSPermGen       total 102656K, used 97320K [0x00000000b0000000, 0x00000000b6440000, 0x00000000c0000000)
  object space 102656K, 94% used [0x00000000b0000000,0x00000000b5f0a118,0x00000000b6440000)
GC Heap History (10 events):
Event: 1101.115 GC heap before
{Heap before GC invocations=55 (full 21):
 PSYoungGen      total 268736K, used 268416K [0x00000000eaab0000, 0x00000000fded0000, 0x0000000100000000)
  eden space 268416K, 100% used [0x00000000eaab0000,0x00000000fb0d0000,0x00000000fb0d0000)
  from space 320K, 0% used [0x00000000fb0d0000,0x00000000fb0d0000,0x00000000fb120000)
  to   space 23552K, 0% used [0x00000000fc7d0000,0x00000000fc7d0000,0x00000000fded0000)
 ParOldGen       total 349568K, used 97278K [0x00000000c0000000, 0x00000000d5560000, 0x00000000eaab0000)
  object space 349568K, 27% used [0x00000000c0000000,0x00000000c5effaf0,0x00000000d5560000)
 PSPermGen       total 104832K, used 96236K [0x00000000b0000000, 0x00000000b6660000, 0x00000000c0000000)
  object space 104832K, 91% used [0x00000000b0000000,0x00000000b5dfb340,0x00000000b6660000)
Event: 1101.123 GC heap after
Heap after GC invocations=55 (full 21):
 PSYoungGen      total 293696K, used 1776K [0x00000000eaab0000, 0x0000000100000000, 0x0000000100000000)
  eden space 270144K, 0% used [0x00000000eaab0000,0x00000000eaab0000,0x00000000fb280000)
  from space 23552K, 7% used [0x00000000fc7d0000,0x00000000fc98c020,0x00000000fded0000)
  to   space 21824K, 0% used [0x00000000fb280000,0x00000000fb280000,0x00000000fc7d0000)
 ParOldGen       total 349568K, used 97278K [0x00000000c0000000, 0x00000000d5560000, 0x00000000eaab0000)
  object space 349568K, 27% used [0x00000000c0000000,0x00000000c5effaf0,0x00000000d5560000)
 PSPermGen       total 104832K, used 96236K [0x00000000b0000000, 0x00000000b6660000, 0x00000000c0000000)
  object space 104832K, 91% used [0x00000000b0000000,0x00000000b5dfb340,0x00000000b6660000)
}
Event: 1102.932 GC heap before
{Heap before GC invocations=56 (full 21):
 PSYoungGen      total 293696K, used 12195K [0x00000000eaab0000, 0x0000000100000000, 0x0000000100000000)
  eden space 270144K, 3% used [0x00000000eaab0000,0x00000000eb4dcf58,0x00000000fb280000)
  from space 23552K, 7% used [0x00000000fc7d0000,0x00000000fc98c020,0x00000000fded0000)
  to   space 21824K, 0% used [0x00000000fb280000,0x00000000fb280000,0x00000000fc7d0000)
 ParOldGen       total 349568K, used 97278K [0x00000000c0000000, 0x00000000d5560000, 0x00000000eaab0000)
  object space 349568K, 27% used [0x00000000c0000000,0x00000000c5effaf0,0x00000000d5560000)
 PSPermGen       total 104832K, used 96241K [0x00000000b0000000, 0x00000000b6660000, 0x00000000c0000000)
  object space 104832K, 91% used [0x00000000b0000000,0x00000000b5dfc418,0x00000000b6660000)
Event: 1102.938 GC heap after
Heap after GC invocations=56 (full 21):
 PSYoungGen      total 291968K, used 608K [0x00000000eaab0000, 0x0000000100000000, 0x0000000100000000)
  eden space 270144K, 0% used [0x00000000eaab0000,0x00000000eaab0000,0x00000000fb280000)
  from space 21824K, 2% used [0x00000000fb280000,0x00000000fb318000,0x00000000fc7d0000)
  to   space 20416K, 0% used [0x00000000fec10000,0x00000000fec10000,0x0000000100000000)
 ParOldGen       total 349568K, used 97933K [0x00000000c0000000, 0x00000000d5560000, 0x00000000eaab0000)
  object space 349568K, 28% used [0x00000000c0000000,0x00000000c5fa3618,0x00000000d5560000)
 PSPermGen       total 104832K, used 96241K [0x00000000b0000000, 0x00000000b6660000, 0x00000000c0000000)
  object space 104832K, 91% used [0x00000000b0000000,0x00000000b5dfc418,0x00000000b6660000)
}
Event: 1102.938 GC heap before
{Heap before GC invocations=57 (full 22):
 PSYoungGen      total 291968K, used 608K [0x00000000eaab0000, 0x0000000100000000, 0x0000000100000000)
  eden space 270144K, 0% used [0x00000000eaab0000,0x00000000eaab0000,0x00000000fb280000)
  from space 21824K, 2% used [0x00000000fb280000,0x00000000fb318000,0x00000000fc7d0000)
  to   space 20416K, 0% used [0x00000000fec10000,0x00000000fec10000,0x0000000100000000)
 ParOldGen       total 349568K, used 97933K [0x00000000c0000000, 0x00000000d5560000, 0x00000000eaab0000)
  object space 349568K, 28% used [0x00000000c0000000,0x00000000c5fa3618,0x00000000d5560000)
 PSPermGen       total 104832K, used 96241K [0x00000000b0000000, 0x00000000b6660000, 0x00000000c0000000)
  object space 104832K, 91% used [0x00000000b0000000,0x00000000b5dfc418,0x00000000b6660000)
Event: 1103.385 GC heap after
Heap after GC invocations=57 (full 22):
 PSYoungGen      total 291968K, used 0K [0x00000000eaab0000, 0x0000000100000000, 0x0000000100000000)
  eden space 270144K, 0% used [0x00000000eaab0000,0x00000000eaab0000,0x00000000fb280000)
  from space 21824K, 0% used [0x00000000fb280000,0x00000000fb280000,0x00000000fc7d0000)
  to   space 20416K, 0% used [0x00000000fec10000,0x00000000fec10000,0x0000000100000000)
 ParOldGen       total 349568K, used 97413K [0x00000000c0000000, 0x00000000d5560000, 0x00000000eaab0000)
  object space 349568K, 27% used [0x00000000c0000000,0x00000000c5f21440,0x00000000d5560000)
 PSPermGen       total 103680K, used 96240K [0x00000000b0000000, 0x00000000b6540000, 0x00000000c0000000)
  object space 103680K, 92% used [0x00000000b0000000,0x00000000b5dfc198,0x00000000b6540000)
}
Event: 1162.933 GC heap before
{Heap before GC invocations=58 (full 22):
 PSYoungGen      total 291968K, used 229419K [0x00000000eaab0000, 0x0000000100000000, 0x0000000100000000)
  eden space 270144K, 84% used [0x00000000eaab0000,0x00000000f8abac10,0x00000000fb280000)
  from space 21824K, 0% used [0x00000000fb280000,0x00000000fb280000,0x00000000fc7d0000)
  to   space 20416K, 0% used [0x00000000fec10000,0x00000000fec10000,0x0000000100000000)
 ParOldGen       total 349568K, used 97413K [0x00000000c0000000, 0x00000000d5560000, 0x00000000eaab0000)
  object space 349568K, 27% used [0x00000000c0000000,0x00000000c5f21440,0x00000000d5560000)
 PSPermGen       total 103680K, used 96284K [0x00000000b0000000, 0x00000000b6540000, 0x00000000c0000000)
  object space 103680K, 92% used [0x00000000b0000000,0x00000000b5e070e0,0x00000000b6540000)
Event: 1162.941 GC heap after
Heap after GC invocations=58 (full 22):
 PSYoungGen      total 330496K, used 1120K [0x00000000eaab0000, 0x0000000100000000, 0x0000000100000000)
  eden space 310080K, 0% used [0x00000000eaab0000,0x00000000eaab0000,0x00000000fd980000)
  from space 20416K, 5% used [0x00000000fec10000,0x00000000fed28020,0x0000000100000000)
  to   space 19008K, 0% used [0x00000000fd980000,0x00000000fd980000,0x00000000fec10000)
 ParOldGen       total 349568K, used 97413K [0x00000000c0000000, 0x00000000d5560000, 0x00000000eaab0000)
  object space 349568K, 27% used [0x00000000c0000000,0x00000000c5f21440,0x00000000d5560000)
 PSPermGen       total 103680K, used 96284K [0x00000000b0000000, 0x00000000b6540000, 0x00000000c0000000)
  object space 103680K, 92% used [0x00000000b0000000,0x00000000b5e070e0,0x00000000b6540000)
}
Event: 1162.941 GC heap before
{Heap before GC invocations=59 (full 23):
 PSYoungGen      total 330496K, used 1120K [0x00000000eaab0000, 0x0000000100000000, 0x0000000100000000)
  eden space 310080K, 0% used [0x00000000eaab0000,0x00000000eaab0000,0x00000000fd980000)
  from space 20416K, 5% used [0x00000000fec10000,0x00000000fed28020,0x0000000100000000)
  to   space 19008K, 0% used [0x00000000fd980000,0x00000000fd980000,0x00000000fec10000)
 ParOldGen       total 349568K, used 97413K [0x00000000c0000000, 0x00000000d5560000, 0x00000000eaab0000)
  object space 349568K, 27% used [0x00000000c0000000,0x00000000c5f21440,0x00000000d5560000)
 PSPermGen       total 103680K, used 96284K [0x00000000b0000000, 0x00000000b6540000, 0x00000000c0000000)
  object space 103680K, 92% used [0x00000000b0000000,0x00000000b5e070e0,0x00000000b6540000)
Event: 1163.381 GC heap after
Heap after GC invocations=59 (full 23):
 PSYoungGen      total 330496K, used 0K [0x00000000eaab0000, 0x0000000100000000, 0x0000000100000000)
  eden space 310080K, 0% used [0x00000000eaab0000,0x00000000eaab0000,0x00000000fd980000)
  from space 20416K, 0% used [0x00000000fec10000,0x00000000fec10000,0x0000000100000000)
  to   space 19008K, 0% used [0x00000000fd980000,0x00000000fd980000,0x00000000fec10000)
 ParOldGen       total 349568K, used 97516K [0x00000000c0000000, 0x00000000d5560000, 0x00000000eaab0000)
  object space 349568K, 27% used [0x00000000c0000000,0x00000000c5f3b340,0x00000000d5560000)
 PSPermGen       total 102656K, used 96283K [0x00000000b0000000, 0x00000000b6440000, 0x00000000c0000000)
  object space 102656K, 93% used [0x00000000b0000000,0x00000000b5e06da0,0x00000000b6440000)
}

